<?xml version="1.0" encoding="UTF-8"?>
<!-- Generated by org.testng.reporters.JUnitReportReporter -->
<testsuite skipped="1" hostname="NTISHTCD13" name="com.theGeneral.TestRunner" tests="1" failures="0" timestamp="13 May 2019 11:03:07 GMT" time="355.684" errors="0">
  <testcase name="runScenario" time="355.684" classname="com.theGeneral.TestRunner">
    <skipped/>
  </testcase> <!-- runScenario -->
</testsuite> <!-- com.theGeneral.TestRunner -->
