<?xml version="1.0" encoding="UTF-8"?>
<!-- Generated by org.testng.reporters.JUnitReportReporter -->
<testsuite skipped="1" hostname="NTISHTCD13" name="com.ePortal.TestRunner" tests="1" failures="0" timestamp="29 Apr 2019 10:36:00 GMT" time="314.002" errors="0">
  <testcase name="runScenario" time="314.002" classname="com.ePortal.TestRunner">
    <skipped/>
  </testcase> <!-- runScenario -->
</testsuite> <!-- com.ePortal.TestRunner -->
