<?xml version="1.0" encoding="UTF-8"?>
<!-- Generated by org.testng.reporters.JUnitReportReporter -->
<testsuite skipped="0" hostname="NTISHTCD13" name="com.ePortal.TestRunner" tests="1" failures="0" timestamp="07 May 2019 09:00:53 GMT" time="47.871" errors="0">
  <testcase name="runScenario" time="47.871" classname="com.ePortal.TestRunner"/>
</testsuite> <!-- com.ePortal.TestRunner -->
