<?xml version="1.0" encoding="UTF-8"?>
<!-- Generated by org.testng.reporters.JUnitReportReporter -->
<testsuite skipped="0" hostname="NTISHTCD13" name="com.theGeneral.TestRunner" tests="1" failures="0" timestamp="10 May 2019 13:37:29 GMT" time="269.076" errors="0">
  <testcase name="runScenario" time="269.076" classname="com.theGeneral.TestRunner"/>
</testsuite> <!-- com.theGeneral.TestRunner -->
