<?xml version="1.0" encoding="UTF-8"?>
<!-- Generated by org.testng.reporters.JUnitReportReporter -->
<testsuite skipped="1" hostname="NTISHTCD13" name="com.theGeneral.TestRunner" tests="1" failures="0" timestamp="09 May 2019 13:02:34 GMT" time="291.666" errors="0">
  <testcase name="runScenario" time="291.666" classname="com.theGeneral.TestRunner">
    <skipped/>
  </testcase> <!-- runScenario -->
</testsuite> <!-- com.theGeneral.TestRunner -->
